<?xml version="1.0" encoding="UTF-8"?>
<!-- Generated by org.testng.reporters.JUnitXMLReporter -->
<testsuite ignored="0" hostname="DESKTOP-70F4JCP" failures="1" tests="4" name="Chrome Regression Test" time="191.682" errors="0" timestamp="2022-07-23T11:48:41 EDT">
  <testcase classname="Academy.HomePage" name="basePageNavigation" time="32.457"/>
  <testcase classname="Academy.HomePage" name="basePageNavigation" time="33.474"/>
  <testcase classname="Academy.validateTitle" name="validateAppTitle" time="26.06">
    <failure type="java.lang.AssertionError" message="expected [FEATURED COURSES1] but found [FEATURED COURSES]">
      <![CDATA[java.lang.AssertionError: expected [FEATURED COURSES1] but found [FEATURED COURSES]
at Academy.validateTitle.validateAppTitle(validateTitle.java:34)
at java.base/java.util.ArrayList.forEach(ArrayList.java:1541)
... Removed 36 stack frames]]>
    </failure>
  </testcase> <!-- validateAppTitle -->
  <testcase classname="Academy.validateNavigationBar" name="validateAppNavBar" time="47.719"/>
</testsuite> <!-- Chrome Regression Test -->
