<?xml version="1.0" encoding="UTF-8"?>
<!-- Generated by org.testng.reporters.JUnitXMLReporter -->
<testsuite ignored="0" hostname="DESKTOP-70F4JCP" failures="1" tests="4" name="Chrome Regression Test" time="180.046" errors="0" timestamp="2022-07-22T20:01:56 EDT">
  <testcase classname="Academy.HomePage" name="basePageNavigation" time="39.83"/>
  <testcase classname="Academy.HomePage" name="basePageNavigation" time="38.778"/>
  <testcase classname="Academy.validateTitle" name="validateAppTitle" time="33.268">
    <failure type="java.lang.AssertionError" message="expected [FEATURED COURSES1] but found [FEATURED COURSES]">
      <![CDATA[java.lang.AssertionError: expected [FEATURED COURSES1] but found [FEATURED COURSES]
at Academy.validateTitle.validateAppTitle(validateTitle.java:34)
at java.base/java.util.ArrayList.forEach(ArrayList.java:1511)
... Removed 33 stack frames]]>
    </failure>
  </testcase> <!-- validateAppTitle -->
  <testcase classname="Academy.validateNavigationBar" name="validateAppNavBar" time="36.083"/>
</testsuite> <!-- Chrome Regression Test -->
