<?xml version="1.0" encoding="UTF-8"?>
<!-- Generated by org.testng.reporters.JUnitXMLReporter -->
<testsuite ignored="0" hostname="DESKTOP-70F4JCP" failures="1" tests="4" name="Edge Regression Test" time="114.97" errors="0" timestamp="2022-07-20T18:34:24 EDT">
  <testcase classname="Academy.HomePage" name="basePageNavigation" time="20.66"/>
  <testcase classname="Academy.HomePage" name="basePageNavigation" time="25.163"/>
  <testcase classname="Academy.validateTitle" name="validateAppTitle" time="13.754">
    <failure type="java.lang.AssertionError" message="expected [FEATURED COURSES1] but found [FEATURED COURSES]">
      <![CDATA[java.lang.AssertionError: expected [FEATURED COURSES1] but found [FEATURED COURSES]
at Academy.validateTitle.validateAppTitle(validateTitle.java:32)
at java.base/java.util.ArrayList.forEach(ArrayList.java:1511)
at java.base/java.util.concurrent.FutureTask.run(FutureTask.java:264)
at java.base/java.util.concurrent.ThreadPoolExecutor.runWorker(ThreadPoolExecutor.java:1136)
at java.base/java.util.concurrent.ThreadPoolExecutor$Worker.run(ThreadPoolExecutor.java:635)
at java.base/java.lang.Thread.run(Thread.java:833)
... Removed 24 stack frames]]>
    </failure>
  </testcase> <!-- validateAppTitle -->
  <testcase classname="Academy.validateNavigationBar" name="validateAppNavBar" time="20.42"/>
</testsuite> <!-- Edge Regression Test -->
