<?xml version="1.0" encoding="UTF-8"?>
<testng-results ignored="0" total="4" passed="3" failed="1" skipped="0">
  <reporter-output>
  </reporter-output>
  <suite started-at="2022-07-23T11:45:30 EDT" name="Project" finished-at="2022-07-23T11:48:41 EDT" duration-ms="191682">
    <groups>
      <group name="Regression">
        <method signature="HomePage.basePageNavigation(java.lang.String,java.lang.String,java.lang.String)[pri:0, instance:Academy.HomePage@5d018107]" name="basePageNavigation" class="Academy.HomePage"/>
        <method signature="validateNavigationBar.validateAppNavBar()[pri:0, instance:Academy.validateNavigationBar@4c51bb7]" name="validateAppNavBar" class="Academy.validateNavigationBar"/>
        <method signature="validateTitle.validateAppTitle()[pri:0, instance:Academy.validateTitle@426b6a74]" name="validateAppTitle" class="Academy.validateTitle"/>
      </group> <!-- Regression -->
      <group name="Smoke">
        <method signature="validateNavigationBar.validateAppNavBar()[pri:0, instance:Academy.validateNavigationBar@4c51bb7]" name="validateAppNavBar" class="Academy.validateNavigationBar"/>
        <method signature="validateTitle.validateAppTitle()[pri:0, instance:Academy.validateTitle@426b6a74]" name="validateAppTitle" class="Academy.validateTitle"/>
      </group> <!-- Smoke -->
    </groups>
    <test started-at="2022-07-23T11:45:30 EDT" name="Chrome Regression Test" finished-at="2022-07-23T11:48:41 EDT" duration-ms="191682">
      <class name="Academy.validateTitle">
        <test-method is-config="true" signature="setup(java.lang.String,java.lang.String,java.lang.String)[pri:0, instance:Academy.validateTitle@426b6a74]" started-at="2022-07-23T11:46:56 EDT" name="setup" finished-at="2022-07-23T11:47:08 EDT" duration-ms="12144" status="PASS">
          <params>
            <param index="0">
              <value>
                <![CDATA[chrome]]>
              </value>
            </param>
            <param index="1">
              <value>
                <![CDATA[grid]]>
              </value>
            </param>
            <param index="2">
              <value>
                <![CDATA[61240]]>
              </value>
            </param>
          </params>
          <reporter-output>
          </reporter-output>
        </test-method> <!-- setup -->
        <test-method signature="validateAppTitle()[pri:0, instance:Academy.validateTitle@426b6a74]" started-at="2022-07-23T11:47:08 EDT" name="validateAppTitle" finished-at="2022-07-23T11:47:34 EDT" duration-ms="26060" status="FAIL">
          <exception class="java.lang.AssertionError">
            <message>
              <![CDATA[expected [FEATURED COURSES1] but found [FEATURED COURSES]]]>
            </message>
            <full-stacktrace>
              <![CDATA[java.lang.AssertionError: expected [FEATURED COURSES1] but found [FEATURED COURSES]
at org.testng.Assert.fail(Assert.java:99)
at org.testng.Assert.failNotEquals(Assert.java:1037)
at org.testng.Assert.assertEqualsImpl(Assert.java:140)
at org.testng.Assert.assertEquals(Assert.java:122)
at org.testng.Assert.assertEquals(Assert.java:629)
at org.testng.Assert.assertEquals(Assert.java:639)
at Academy.validateTitle.validateAppTitle(validateTitle.java:34)
at java.base/jdk.internal.reflect.NativeMethodAccessorImpl.invoke0(Native Method)
at java.base/jdk.internal.reflect.NativeMethodAccessorImpl.invoke(NativeMethodAccessorImpl.java:62)
at java.base/jdk.internal.reflect.DelegatingMethodAccessorImpl.invoke(DelegatingMethodAccessorImpl.java:43)
at java.base/java.lang.reflect.Method.invoke(Method.java:566)
at org.testng.internal.MethodInvocationHelper.invokeMethod(MethodInvocationHelper.java:133)
at org.testng.internal.TestInvoker.invokeMethod(TestInvoker.java:598)
at org.testng.internal.TestInvoker.invokeTestMethod(TestInvoker.java:173)
at org.testng.internal.MethodRunner.runInSequence(MethodRunner.java:46)
at org.testng.internal.TestInvoker$MethodInvocationAgent.invoke(TestInvoker.java:824)
at org.testng.internal.TestInvoker.invokeTestMethods(TestInvoker.java:146)
at org.testng.internal.TestMethodWorker.invokeTestMethods(TestMethodWorker.java:146)
at org.testng.internal.TestMethodWorker.run(TestMethodWorker.java:128)
at java.base/java.util.ArrayList.forEach(ArrayList.java:1541)
at org.testng.TestRunner.privateRun(TestRunner.java:794)
at org.testng.TestRunner.run(TestRunner.java:596)
at org.testng.SuiteRunner.runTest(SuiteRunner.java:377)
at org.testng.SuiteRunner.runSequentially(SuiteRunner.java:371)
at org.testng.SuiteRunner.privateRun(SuiteRunner.java:332)
at org.testng.SuiteRunner.run(SuiteRunner.java:276)
at org.testng.SuiteRunnerWorker.runSuite(SuiteRunnerWorker.java:53)
at org.testng.SuiteRunnerWorker.run(SuiteRunnerWorker.java:96)
at org.testng.TestNG.runSuitesSequentially(TestNG.java:1212)
at org.testng.TestNG.runSuitesLocally(TestNG.java:1134)
at org.testng.TestNG.runSuites(TestNG.java:1063)
at org.testng.TestNG.run(TestNG.java:1031)
at org.apache.maven.surefire.testng.TestNGExecutor.run(TestNGExecutor.java:283)
at org.apache.maven.surefire.testng.TestNGXmlTestSuite.execute(TestNGXmlTestSuite.java:75)
at org.apache.maven.surefire.testng.TestNGProvider.invoke(TestNGProvider.java:120)
at org.apache.maven.surefire.booter.ForkedBooter.invokeProviderInSameClassLoader(ForkedBooter.java:386)
at org.apache.maven.surefire.booter.ForkedBooter.runSuitesInProcess(ForkedBooter.java:323)
at org.apache.maven.surefire.booter.ForkedBooter.main(ForkedBooter.java:143)
]]>
            </full-stacktrace>
          </exception> <!-- java.lang.AssertionError -->
          <reporter-output>
          </reporter-output>
        </test-method> <!-- validateAppTitle -->
        <test-method is-config="true" signature="teardown()[pri:0, instance:Academy.validateTitle@426b6a74]" started-at="2022-07-23T11:47:36 EDT" name="teardown" finished-at="2022-07-23T11:47:37 EDT" duration-ms="386" status="PASS">
          <reporter-output>
          </reporter-output>
        </test-method> <!-- teardown -->
      </class> <!-- Academy.validateTitle -->
      <class name="Academy.HomePage">
        <test-method is-config="true" signature="setup(java.lang.String,java.lang.String,java.lang.String)[pri:0, instance:Academy.HomePage@5d018107]" started-at="2022-07-23T11:45:30 EDT" name="setup" finished-at="2022-07-23T11:45:39 EDT" duration-ms="9199" status="PASS">
          <params>
            <param index="0">
              <value>
                <![CDATA[chrome]]>
              </value>
            </param>
            <param index="1">
              <value>
                <![CDATA[grid]]>
              </value>
            </param>
            <param index="2">
              <value>
                <![CDATA[61240]]>
              </value>
            </param>
          </params>
          <reporter-output>
          </reporter-output>
        </test-method> <!-- setup -->
        <test-method signature="basePageNavigation(java.lang.String,java.lang.String,java.lang.String)[pri:0, instance:Academy.HomePage@5d018107]" started-at="2022-07-23T11:45:39 EDT" name="basePageNavigation" data-provider="getData" finished-at="2022-07-23T11:46:11 EDT" duration-ms="32457" status="PASS">
          <params>
            <param index="0">
              <value>
                <![CDATA[nonrestricteduser@qw.com]]>
              </value>
            </param>
            <param index="1">
              <value>
                <![CDATA[123456]]>
              </value>
            </param>
            <param index="2">
              <value>
                <![CDATA[Restrcited User]]>
              </value>
            </param>
          </params>
          <reporter-output>
          </reporter-output>
        </test-method> <!-- basePageNavigation -->
        <test-method is-config="true" signature="teardown()[pri:0, instance:Academy.HomePage@5d018107]" started-at="2022-07-23T11:46:11 EDT" name="teardown" finished-at="2022-07-23T11:46:12 EDT" duration-ms="387" status="PASS">
          <reporter-output>
          </reporter-output>
        </test-method> <!-- teardown -->
        <test-method is-config="true" signature="setup(java.lang.String,java.lang.String,java.lang.String)[pri:0, instance:Academy.HomePage@5d018107]" started-at="2022-07-23T11:46:12 EDT" name="setup" finished-at="2022-07-23T11:46:22 EDT" duration-ms="10610" status="PASS">
          <params>
            <param index="0">
              <value>
                <![CDATA[chrome]]>
              </value>
            </param>
            <param index="1">
              <value>
                <![CDATA[grid]]>
              </value>
            </param>
            <param index="2">
              <value>
                <![CDATA[61240]]>
              </value>
            </param>
          </params>
          <reporter-output>
          </reporter-output>
        </test-method> <!-- setup -->
        <test-method signature="basePageNavigation(java.lang.String,java.lang.String,java.lang.String)[pri:0, instance:Academy.HomePage@5d018107]" started-at="2022-07-23T11:46:22 EDT" name="basePageNavigation" data-provider="getData" finished-at="2022-07-23T11:46:56 EDT" duration-ms="33474" status="PASS">
          <params>
            <param index="0">
              <value>
                <![CDATA[restricteduser@qw.com]]>
              </value>
            </param>
            <param index="1">
              <value>
                <![CDATA[456788]]>
              </value>
            </param>
            <param index="2">
              <value>
                <![CDATA[Non restricted user]]>
              </value>
            </param>
          </params>
          <reporter-output>
          </reporter-output>
        </test-method> <!-- basePageNavigation -->
        <test-method is-config="true" signature="teardown()[pri:0, instance:Academy.HomePage@5d018107]" started-at="2022-07-23T11:46:56 EDT" name="teardown" finished-at="2022-07-23T11:46:56 EDT" duration-ms="337" status="PASS">
          <reporter-output>
          </reporter-output>
        </test-method> <!-- teardown -->
      </class> <!-- Academy.HomePage -->
      <class name="Academy.validateNavigationBar">
        <test-method is-config="true" signature="setup(java.lang.String,java.lang.String,java.lang.String)[pri:0, instance:Academy.validateNavigationBar@4c51bb7]" started-at="2022-07-23T11:47:37 EDT" name="setup" finished-at="2022-07-23T11:47:53 EDT" duration-ms="16052" status="PASS">
          <params>
            <param index="0">
              <value>
                <![CDATA[chrome]]>
              </value>
            </param>
            <param index="1">
              <value>
                <![CDATA[grid]]>
              </value>
            </param>
            <param index="2">
              <value>
                <![CDATA[61240]]>
              </value>
            </param>
          </params>
          <reporter-output>
          </reporter-output>
        </test-method> <!-- setup -->
        <test-method signature="validateAppNavBar()[pri:0, instance:Academy.validateNavigationBar@4c51bb7]" started-at="2022-07-23T11:47:53 EDT" name="validateAppNavBar" finished-at="2022-07-23T11:48:40 EDT" duration-ms="47719" status="PASS">
          <reporter-output>
          </reporter-output>
        </test-method> <!-- validateAppNavBar -->
        <test-method is-config="true" signature="teardown()[pri:0, instance:Academy.validateNavigationBar@4c51bb7]" started-at="2022-07-23T11:48:40 EDT" name="teardown" finished-at="2022-07-23T11:48:41 EDT" duration-ms="872" status="PASS">
          <reporter-output>
          </reporter-output>
        </test-method> <!-- teardown -->
      </class> <!-- Academy.validateNavigationBar -->
    </test> <!-- Chrome Regression Test -->
  </suite> <!-- Project -->
</testng-results>
